<?xml version="1.0" encoding="UTF-8"?>
<!-- Generated by org.testng.reporters.JUnitXMLReporter -->
<testsuite hostname="sapc014" name="myTests" tests="4" failures="0" timestamp="19 Jul 2016 15:07:12 GMT" time="20.236" errors="0">
  <testcase name="method" time="5.373" classname="my.samples.searchGoogleTest"/>
  <testcase name="method" time="4.47" classname="my.samples.searchGoogleTest"/>
  <testcase name="method" time="5.122" classname="my.samples.searchGoogleTest"/>
  <testcase name="method" time="5.258" classname="my.samples.searchGoogleTest"/>
</testsuite> <!-- myTests -->
